0 info it worked if it ends with ok
1 verbose cli [ 'd:\\FEsoftware\\nodejs\\node.exe',
1 verbose cli   'd:\\FEsoftware\\nodejs\\node_modules\\npm\\bin\\npm-cli.js',
1 verbose cli   'install',
1 verbose cli   'bcrypt',
1 verbose cli   '--save' ]
2 info using npm@2.14.7
3 info using node@v4.2.1
4 verbose install initial load of d:\movieProject\package.json
5 warn package.json movieweb@0.0.1 No repository field.
6 warn package.json movieweb@0.0.1 No README data
7 verbose installManyTop reading scoped package data from d:\movieProject\node_modules\bcrypt-nodejs\package.json
8 verbose installManyTop reading scoped package data from d:\movieProject\node_modules\connect-mongo\package.json
9 verbose installManyTop reading scoped package data from d:\movieProject\node_modules\express\package.json
10 verbose installManyTop reading scoped package data from d:\movieProject\node_modules\grunt\package.json
11 verbose installManyTop reading scoped package data from d:\movieProject\node_modules\grunt-concurrent\package.json
12 verbose installManyTop reading scoped package data from d:\movieProject\node_modules\grunt-contrib-watch\package.json
13 verbose installManyTop reading scoped package data from d:\movieProject\node_modules\grunt-nodemon\package.json
14 verbose installManyTop reading scoped package data from d:\movieProject\node_modules\jade\package.json
15 verbose installManyTop reading scoped package data from d:\movieProject\node_modules\moment\package.json
16 verbose installManyTop reading scoped package data from d:\movieProject\node_modules\mongoose\package.json
17 verbose installManyTop reading scoped package data from d:\movieProject\node_modules\underscore\package.json
18 info package.json grunt@0.4.5 No license field.
19 info package.json connect-mongo@0.8.2 No license field.
20 info package.json bcrypt-nodejs@0.1.0 No license field.
21 info package.json grunt-contrib-watch@0.6.1 No license field.
22 info package.json mongoose@3.8.14 No license field.
23 info package.json moment@2.5.1 No license field.
24 info package.json underscore@1.6.0 No license field.
25 verbose readDependencies loading dependencies from d:\movieProject\package.json
26 silly cache add args [ 'bcrypt', null ]
27 verbose cache add spec bcrypt
28 silly cache add parsed spec Result {
28 silly cache add   raw: 'bcrypt',
28 silly cache add   scope: null,
28 silly cache add   name: 'bcrypt',
28 silly cache add   rawSpec: '',
28 silly cache add   spec: '*',
28 silly cache add   type: 'range' }
29 silly addNamed bcrypt@*
30 verbose addNamed "*" is a valid semver range for bcrypt
31 silly addNameRange { name: 'bcrypt', range: '*', hasData: false }
32 silly mapToRegistry name bcrypt
33 silly mapToRegistry using default registry
34 silly mapToRegistry registry https://registry.npmjs.org/
35 silly mapToRegistry uri https://registry.npmjs.org/bcrypt
36 verbose addNameRange registry:https://registry.npmjs.org/bcrypt not in flight; fetching
37 verbose request uri https://registry.npmjs.org/bcrypt
38 verbose request no auth needed
39 info attempt registry request try #1 at 21:27:02
40 verbose request id f8c65c323af515c8
41 verbose etag "AGNNDR4LE6CEAIMQTZSR2GJR4"
42 http request GET https://registry.npmjs.org/bcrypt
43 http 304 https://registry.npmjs.org/bcrypt
44 verbose headers { date: 'Wed, 04 Nov 2015 13:27:04 GMT',
44 verbose headers   via: '1.1 varnish',
44 verbose headers   'cache-control': 'max-age=60',
44 verbose headers   etag: '"AGNNDR4LE6CEAIMQTZSR2GJR4"',
44 verbose headers   age: '0',
44 verbose headers   connection: 'keep-alive',
44 verbose headers   'x-served-by': 'cache-itm7420-ITM',
44 verbose headers   'x-cache': 'MISS',
44 verbose headers   'x-cache-hits': '0',
44 verbose headers   'x-timer': 'S1446643624.269696,VS0,VE743',
44 verbose headers   vary: 'Accept' }
45 silly get cb [ 304,
45 silly get   { date: 'Wed, 04 Nov 2015 13:27:04 GMT',
45 silly get     via: '1.1 varnish',
45 silly get     'cache-control': 'max-age=60',
45 silly get     etag: '"AGNNDR4LE6CEAIMQTZSR2GJR4"',
45 silly get     age: '0',
45 silly get     connection: 'keep-alive',
45 silly get     'x-served-by': 'cache-itm7420-ITM',
45 silly get     'x-cache': 'MISS',
45 silly get     'x-cache-hits': '0',
45 silly get     'x-timer': 'S1446643624.269696,VS0,VE743',
45 silly get     vary: 'Accept' } ]
46 verbose etag https://registry.npmjs.org/bcrypt from cache
47 verbose get saving bcrypt to C:\Users\xlchai\AppData\Roaming\npm-cache\registry.npmjs.org\bcrypt\.cache.json
48 silly addNameRange number 2 { name: 'bcrypt', range: '*', hasData: true }
49 silly addNameRange versions [ 'bcrypt',
49 silly addNameRange   [ '0.1.2',
49 silly addNameRange     '0.2.0',
49 silly addNameRange     '0.2.1',
49 silly addNameRange     '0.1.3',
49 silly addNameRange     '0.2.2',
49 silly addNameRange     '0.2.3',
49 silly addNameRange     '0.2.4',
49 silly addNameRange     '0.3.0',
49 silly addNameRange     '0.3.1',
49 silly addNameRange     '0.3.2',
49 silly addNameRange     '0.4.0',
49 silly addNameRange     '0.4.1',
49 silly addNameRange     '0.5.0',
49 silly addNameRange     '0.6.0',
49 silly addNameRange     '0.7.0',
49 silly addNameRange     '0.7.1',
49 silly addNameRange     '0.7.2',
49 silly addNameRange     '0.7.3',
49 silly addNameRange     '0.7.4',
49 silly addNameRange     '0.7.5',
49 silly addNameRange     '0.7.6',
49 silly addNameRange     '0.7.7',
49 silly addNameRange     '0.7.8',
49 silly addNameRange     '0.8.0',
49 silly addNameRange     '0.8.1',
49 silly addNameRange     '0.8.2',
49 silly addNameRange     '0.8.3',
49 silly addNameRange     '0.8.4',
49 silly addNameRange     '0.8.5' ] ]
50 silly addNamed bcrypt@0.8.5
51 verbose addNamed "0.8.5" is a plain semver version for bcrypt
52 silly cache afterAdd bcrypt@0.8.5
53 verbose afterAdd C:\Users\xlchai\AppData\Roaming\npm-cache\bcrypt\0.8.5\package\package.json not in flight; writing
54 verbose afterAdd C:\Users\xlchai\AppData\Roaming\npm-cache\bcrypt\0.8.5\package\package.json written
55 silly install resolved [ { name: 'bcrypt',
55 silly install resolved     description: 'A bcrypt library for NodeJS.',
55 silly install resolved     keywords:
55 silly install resolved      [ 'bcrypt',
55 silly install resolved        'password',
55 silly install resolved        'auth',
55 silly install resolved        'authentication',
55 silly install resolved        'encryption',
55 silly install resolved        'crypt',
55 silly install resolved        'crypto' ],
55 silly install resolved     main: './bcrypt',
55 silly install resolved     version: '0.8.5',
55 silly install resolved     author: { name: 'Nick Campbell', url: 'https://github.com/ncb000gt' },
55 silly install resolved     engines: { node: '>= 0.6.0' },
55 silly install resolved     repository:
55 silly install resolved      { type: 'git',
55 silly install resolved        url: 'git+https://github.com/ncb000gt/node.bcrypt.js.git' },
55 silly install resolved     license: 'MIT',
55 silly install resolved     bugs: { url: 'https://github.com/ncb000gt/node.bcrypt.js/issues' },
55 silly install resolved     scripts:
55 silly install resolved      { test: 'node-gyp configure build && nodeunit test',
55 silly install resolved        install: 'node-gyp rebuild' },
55 silly install resolved     dependencies: { bindings: '1.2.1', nan: '2.0.5' },
55 silly install resolved     devDependencies: { nodeunit: '~0.9.1' },
55 silly install resolved     contributors:
55 silly install resolved      [ [Object],
55 silly install resolved        [Object],
55 silly install resolved        [Object],
55 silly install resolved        [Object],
55 silly install resolved        [Object],
55 silly install resolved        [Object],
55 silly install resolved        [Object],
55 silly install resolved        [Object],
55 silly install resolved        [Object],
55 silly install resolved        [Object],
55 silly install resolved        [Object],
55 silly install resolved        [Object],
55 silly install resolved        [Object],
55 silly install resolved        [Object] ],
55 silly install resolved     gypfile: true,
55 silly install resolved     gitHead: '5d97708f06754d7d7989c67ba867002d10013615',
55 silly install resolved     homepage: 'https://github.com/ncb000gt/node.bcrypt.js#readme',
55 silly install resolved     _id: 'bcrypt@0.8.5',
55 silly install resolved     _shasum: '8e5b81b4db80e944f440005979ca8d58a961861d',
55 silly install resolved     _from: 'bcrypt@*',
55 silly install resolved     _npmVersion: '2.13.3',
55 silly install resolved     _nodeVersion: '3.0.0',
55 silly install resolved     _npmUser: { name: 'defunctzombie', email: 'shtylman@gmail.com' },
55 silly install resolved     dist:
55 silly install resolved      { shasum: '8e5b81b4db80e944f440005979ca8d58a961861d',
55 silly install resolved        tarball: 'http://registry.npmjs.org/bcrypt/-/bcrypt-0.8.5.tgz' },
55 silly install resolved     maintainers: [ [Object], [Object], [Object], [Object] ],
55 silly install resolved     directories: {},
55 silly install resolved     _resolved: 'https://registry.npmjs.org/bcrypt/-/bcrypt-0.8.5.tgz',
55 silly install resolved     readme: 'ERROR: No README data found!' } ]
56 info install bcrypt@0.8.5 into d:\movieProject
57 info installOne bcrypt@0.8.5
58 verbose installOne of bcrypt to d:\movieProject not in flight; installing
59 verbose lock using C:\Users\xlchai\AppData\Roaming\npm-cache\_locks\bcrypt-c0be08b55f2c583f.lock for d:\movieProject\node_modules\bcrypt
60 silly install write writing bcrypt 0.8.5 to d:\movieProject\node_modules\bcrypt
61 verbose unbuild node_modules\bcrypt
62 silly gentlyRm d:\movieProject\node_modules\bcrypt is being purged from base d:\movieProject
63 verbose gentlyRm don't care about contents; nuking d:\movieProject\node_modules\bcrypt
64 verbose tar unpack C:\Users\xlchai\AppData\Roaming\npm-cache\bcrypt\0.8.5\package.tgz
65 verbose tar unpacking to d:\movieProject\node_modules\bcrypt
66 silly gentlyRm d:\movieProject\node_modules\bcrypt is being purged
67 verbose gentlyRm don't care about contents; nuking d:\movieProject\node_modules\bcrypt
68 silly gunzTarPerm modes [ '777', '666' ]
69 silly gunzTarPerm extractEntry package.json
70 silly gunzTarPerm modified mode [ 'package.json', 420, 438 ]
71 silly gunzTarPerm extractEntry .npmignore
72 silly gunzTarPerm modified mode [ '.npmignore', 420, 438 ]
73 silly gunzTarPerm extractEntry README.md
74 silly gunzTarPerm modified mode [ 'README.md', 420, 438 ]
75 silly gunzTarPerm extractEntry LICENSE
76 silly gunzTarPerm modified mode [ 'LICENSE', 420, 438 ]
77 silly gunzTarPerm extractEntry bcrypt.js
78 silly gunzTarPerm modified mode [ 'bcrypt.js', 420, 438 ]
79 silly gunzTarPerm extractEntry binding.gyp
80 silly gunzTarPerm modified mode [ 'binding.gyp', 420, 438 ]
81 silly gunzTarPerm extractEntry .travis.yml
82 silly gunzTarPerm modified mode [ '.travis.yml', 420, 438 ]
83 silly gunzTarPerm extractEntry CHANGELOG.md
84 silly gunzTarPerm modified mode [ 'CHANGELOG.md', 420, 438 ]
85 silly gunzTarPerm extractEntry examples/async_compare.js
86 silly gunzTarPerm modified mode [ 'examples/async_compare.js', 420, 438 ]
87 silly gunzTarPerm extractEntry examples/forever_gen_salt.js
88 silly gunzTarPerm modified mode [ 'examples/forever_gen_salt.js', 420, 438 ]
89 silly gunzTarPerm extractEntry test/async.js
90 silly gunzTarPerm modified mode [ 'test/async.js', 420, 438 ]
91 silly gunzTarPerm extractEntry test/repetitions.js
92 silly gunzTarPerm modified mode [ 'test/repetitions.js', 420, 438 ]
93 silly gunzTarPerm extractEntry test/sync.js
94 silly gunzTarPerm modified mode [ 'test/sync.js', 420, 438 ]
95 silly gunzTarPerm extractEntry Makefile
96 silly gunzTarPerm modified mode [ 'Makefile', 420, 438 ]
97 silly gunzTarPerm extractEntry src/bcrypt.cc
98 silly gunzTarPerm modified mode [ 'src/bcrypt.cc', 420, 438 ]
99 silly gunzTarPerm extractEntry src/bcrypt_node.cc
100 silly gunzTarPerm modified mode [ 'src/bcrypt_node.cc', 420, 438 ]
101 silly gunzTarPerm extractEntry src/blowfish.cc
102 silly gunzTarPerm modified mode [ 'src/blowfish.cc', 420, 438 ]
103 silly gunzTarPerm extractEntry src/node_blf.h
104 silly gunzTarPerm modified mode [ 'src/node_blf.h', 420, 438 ]
105 silly gunzTarPerm extractEntry werker.yml
106 silly gunzTarPerm modified mode [ 'werker.yml', 420, 438 ]
107 verbose write writing to d:\movieProject\node_modules\bcrypt\package.json
108 info preinstall bcrypt@0.8.5
109 verbose readDependencies loading dependencies from d:\movieProject\node_modules\bcrypt\package.json
110 silly prepareForInstallMany adding bindings@1.2.1 from bcrypt dependencies
111 silly prepareForInstallMany adding nan@2.0.5 from bcrypt dependencies
112 verbose readDependencies loading dependencies from d:\movieProject\node_modules\bcrypt\package.json
113 silly cache add args [ 'bindings@1.2.1', null ]
114 verbose cache add spec bindings@1.2.1
115 silly cache add args [ 'nan@2.0.5', null ]
116 verbose cache add spec nan@2.0.5
117 silly cache add parsed spec Result {
117 silly cache add   raw: 'bindings@1.2.1',
117 silly cache add   scope: null,
117 silly cache add   name: 'bindings',
117 silly cache add   rawSpec: '1.2.1',
117 silly cache add   spec: '1.2.1',
117 silly cache add   type: 'version' }
118 silly addNamed bindings@1.2.1
119 verbose addNamed "1.2.1" is a plain semver version for bindings
120 silly mapToRegistry name bindings
121 silly mapToRegistry using default registry
122 silly mapToRegistry registry https://registry.npmjs.org/
123 silly mapToRegistry uri https://registry.npmjs.org/bindings
124 verbose addNameVersion registry:https://registry.npmjs.org/bindings not in flight; fetching
125 silly cache add parsed spec Result {
125 silly cache add   raw: 'nan@2.0.5',
125 silly cache add   scope: null,
125 silly cache add   name: 'nan',
125 silly cache add   rawSpec: '2.0.5',
125 silly cache add   spec: '2.0.5',
125 silly cache add   type: 'version' }
126 silly addNamed nan@2.0.5
127 verbose addNamed "2.0.5" is a plain semver version for nan
128 silly mapToRegistry name nan
129 silly mapToRegistry using default registry
130 silly mapToRegistry registry https://registry.npmjs.org/
131 silly mapToRegistry uri https://registry.npmjs.org/nan
132 verbose addNameVersion registry:https://registry.npmjs.org/nan not in flight; fetching
133 verbose request uri https://registry.npmjs.org/nan
134 verbose request no auth needed
135 info attempt registry request try #1 at 21:27:04
136 verbose etag "CJ3ZKOY24CWA1LM0KQ4KE7PG1"
137 http request GET https://registry.npmjs.org/nan
138 verbose request uri https://registry.npmjs.org/bindings
139 verbose request no auth needed
140 info attempt registry request try #1 at 21:27:04
141 verbose etag "9T1GC8LK3NF0OJU9OPHCFIKS3"
142 http request GET https://registry.npmjs.org/bindings
143 http 304 https://registry.npmjs.org/bindings
144 verbose headers { date: 'Wed, 04 Nov 2015 13:27:05 GMT',
144 verbose headers   via: '1.1 varnish',
144 verbose headers   'cache-control': 'max-age=60',
144 verbose headers   etag: '"9T1GC8LK3NF0OJU9OPHCFIKS3"',
144 verbose headers   age: '0',
144 verbose headers   connection: 'keep-alive',
144 verbose headers   'x-served-by': 'cache-itm7422-ITM',
144 verbose headers   'x-cache': 'HIT',
144 verbose headers   'x-cache-hits': '1',
144 verbose headers   'x-timer': 'S1446643625.565552,VS0,VE189',
144 verbose headers   vary: 'Accept' }
145 silly get cb [ 304,
145 silly get   { date: 'Wed, 04 Nov 2015 13:27:05 GMT',
145 silly get     via: '1.1 varnish',
145 silly get     'cache-control': 'max-age=60',
145 silly get     etag: '"9T1GC8LK3NF0OJU9OPHCFIKS3"',
145 silly get     age: '0',
145 silly get     connection: 'keep-alive',
145 silly get     'x-served-by': 'cache-itm7422-ITM',
145 silly get     'x-cache': 'HIT',
145 silly get     'x-cache-hits': '1',
145 silly get     'x-timer': 'S1446643625.565552,VS0,VE189',
145 silly get     vary: 'Accept' } ]
146 verbose etag https://registry.npmjs.org/bindings from cache
147 verbose get saving bindings to C:\Users\xlchai\AppData\Roaming\npm-cache\registry.npmjs.org\bindings\.cache.json
148 silly cache afterAdd bindings@1.2.1
149 verbose afterAdd C:\Users\xlchai\AppData\Roaming\npm-cache\bindings\1.2.1\package\package.json not in flight; writing
150 verbose afterAdd C:\Users\xlchai\AppData\Roaming\npm-cache\bindings\1.2.1\package\package.json written
151 http 304 https://registry.npmjs.org/nan
152 verbose headers { date: 'Wed, 04 Nov 2015 13:27:05 GMT',
152 verbose headers   via: '1.1 varnish',
152 verbose headers   'cache-control': 'max-age=60',
152 verbose headers   etag: '"CJ3ZKOY24CWA1LM0KQ4KE7PG1"',
152 verbose headers   age: '12',
152 verbose headers   connection: 'keep-alive',
152 verbose headers   'x-served-by': 'cache-itm7427-ITM',
152 verbose headers   'x-cache': 'HIT',
152 verbose headers   'x-cache-hits': '1',
152 verbose headers   'x-timer': 'S1446643625.718011,VS0,VE0',
152 verbose headers   vary: 'Accept' }
153 silly get cb [ 304,
153 silly get   { date: 'Wed, 04 Nov 2015 13:27:05 GMT',
153 silly get     via: '1.1 varnish',
153 silly get     'cache-control': 'max-age=60',
153 silly get     etag: '"CJ3ZKOY24CWA1LM0KQ4KE7PG1"',
153 silly get     age: '12',
153 silly get     connection: 'keep-alive',
153 silly get     'x-served-by': 'cache-itm7427-ITM',
153 silly get     'x-cache': 'HIT',
153 silly get     'x-cache-hits': '1',
153 silly get     'x-timer': 'S1446643625.718011,VS0,VE0',
153 silly get     vary: 'Accept' } ]
154 verbose etag https://registry.npmjs.org/nan from cache
155 verbose get saving nan to C:\Users\xlchai\AppData\Roaming\npm-cache\registry.npmjs.org\nan\.cache.json
156 silly cache afterAdd nan@2.0.5
157 verbose afterAdd C:\Users\xlchai\AppData\Roaming\npm-cache\nan\2.0.5\package\package.json not in flight; writing
158 verbose afterAdd C:\Users\xlchai\AppData\Roaming\npm-cache\nan\2.0.5\package\package.json written
159 silly install resolved [ { name: 'bindings',
159 silly install resolved     description: 'Helper module for loading your native module\'s .node file',
159 silly install resolved     keywords: [ 'native', 'addon', 'bindings', 'gyp', 'waf', 'c', 'c++' ],
159 silly install resolved     version: '1.2.1',
159 silly install resolved     author:
159 silly install resolved      { name: 'Nathan Rajlich',
159 silly install resolved        email: 'nathan@tootallnate.net',
159 silly install resolved        url: 'http://tootallnate.net' },
159 silly install resolved     repository:
159 silly install resolved      { type: 'git',
159 silly install resolved        url: 'git://github.com/TooTallNate/node-bindings.git' },
159 silly install resolved     main: './bindings.js',
159 silly install resolved     bugs: { url: 'https://github.com/TooTallNate/node-bindings/issues' },
159 silly install resolved     homepage: 'https://github.com/TooTallNate/node-bindings',
159 silly install resolved     license: 'MIT',
159 silly install resolved     gitHead: 'e404152ee27f8478ccbc7122ee051246e8e5ec02',
159 silly install resolved     _id: 'bindings@1.2.1',
159 silly install resolved     scripts: {},
159 silly install resolved     _shasum: '14ad6113812d2d37d72e67b4cacb4bb726505f11',
159 silly install resolved     _from: 'bindings@1.2.1',
159 silly install resolved     _npmVersion: '1.4.14',
159 silly install resolved     _npmUser: { name: 'tootallnate', email: 'nathan@tootallnate.net' },
159 silly install resolved     maintainers: [ [Object], [Object] ],
159 silly install resolved     dist:
159 silly install resolved      { shasum: '14ad6113812d2d37d72e67b4cacb4bb726505f11',
159 silly install resolved        tarball: 'http://registry.npmjs.org/bindings/-/bindings-1.2.1.tgz' },
159 silly install resolved     directories: {},
159 silly install resolved     _resolved: 'https://registry.npmjs.org/bindings/-/bindings-1.2.1.tgz',
159 silly install resolved     readme: 'ERROR: No README data found!' },
159 silly install resolved   { name: 'nan',
159 silly install resolved     version: '2.0.5',
159 silly install resolved     description: 'Native Abstractions for Node.js: C++ header for Node 0.8->0.12 compatibility',
159 silly install resolved     main: 'include_dirs.js',
159 silly install resolved     repository: { type: 'git', url: 'git://github.com/nodejs/nan.git' },
159 silly install resolved     scripts:
159 silly install resolved      { test: 'tap --gc test/js/*-test.js',
159 silly install resolved        'rebuild-tests': 'pangyp rebuild --msvs_version=2013 --directory test',
159 silly install resolved        docs: 'doc/.build.sh' },
159 silly install resolved     contributors:
159 silly install resolved      [ [Object],
159 silly install resolved        [Object],
159 silly install resolved        [Object],
159 silly install resolved        [Object],
159 silly install resolved        [Object],
159 silly install resolved        [Object],
159 silly install resolved        [Object] ],
159 silly install resolved     devDependencies:
159 silly install resolved      { bindings: '~1.2.1',
159 silly install resolved        'node-gyp': '~2.0.2',
159 silly install resolved        pangyp: '~2.2.0',
159 silly install resolved        tap: '~0.7.1',
159 silly install resolved        xtend: '~4.0.0' },
159 silly install resolved     license: 'MIT',
159 silly install resolved     gitHead: 'd13a2e9ce762fd130877b53c71d35963fa2cf689',
159 silly install resolved     bugs: { url: 'https://github.com/nodejs/nan/issues' },
159 silly install resolved     homepage: 'https://github.com/nodejs/nan#readme',
159 silly install resolved     _id: 'nan@2.0.5',
159 silly install resolved     _shasum: '365888014be1fd178db0cbfa258edf7b0cb1c408',
159 silly install resolved     _from: 'nan@2.0.5',
159 silly install resolved     _npmVersion: '2.13.3',
159 silly install resolved     _nodeVersion: '3.0.0',
159 silly install resolved     _npmUser: { name: 'kkoopa', email: 'bbyholm@abo.fi' },
159 silly install resolved     maintainers: [ [Object], [Object] ],
159 silly install resolved     dist:
159 silly install resolved      { shasum: '365888014be1fd178db0cbfa258edf7b0cb1c408',
159 silly install resolved        tarball: 'http://registry.npmjs.org/nan/-/nan-2.0.5.tgz' },
159 silly install resolved     directories: {},
159 silly install resolved     _resolved: 'https://registry.npmjs.org/nan/-/nan-2.0.5.tgz',
159 silly install resolved     readme: 'ERROR: No README data found!' } ]
160 info install bindings@1.2.1 into d:\movieProject\node_modules\bcrypt
161 info install nan@2.0.5 into d:\movieProject\node_modules\bcrypt
162 info installOne bindings@1.2.1
163 verbose installOne of bindings to d:\movieProject\node_modules\bcrypt not in flight; installing
164 info installOne nan@2.0.5
165 verbose installOne of nan to d:\movieProject\node_modules\bcrypt not in flight; installing
166 verbose lock using C:\Users\xlchai\AppData\Roaming\npm-cache\_locks\bindings-8846907fc29da18e.lock for d:\movieProject\node_modules\bcrypt\node_modules\bindings
167 silly install write writing bindings 1.2.1 to d:\movieProject\node_modules\bcrypt\node_modules\bindings
168 verbose lock using C:\Users\xlchai\AppData\Roaming\npm-cache\_locks\nan-350a74eb1edd2f00.lock for d:\movieProject\node_modules\bcrypt\node_modules\nan
169 silly install write writing nan 2.0.5 to d:\movieProject\node_modules\bcrypt\node_modules\nan
170 verbose unbuild node_modules\bcrypt\node_modules\bindings
171 silly gentlyRm d:\movieProject\node_modules\bcrypt\node_modules\bindings is being purged from base d:\movieProject
172 verbose gentlyRm don't care about contents; nuking d:\movieProject\node_modules\bcrypt\node_modules\bindings
173 verbose unbuild node_modules\bcrypt\node_modules\nan
174 verbose tar unpack C:\Users\xlchai\AppData\Roaming\npm-cache\bindings\1.2.1\package.tgz
175 verbose tar unpacking to d:\movieProject\node_modules\bcrypt\node_modules\bindings
176 silly gentlyRm d:\movieProject\node_modules\bcrypt\node_modules\bindings is being purged
177 verbose gentlyRm don't care about contents; nuking d:\movieProject\node_modules\bcrypt\node_modules\bindings
178 silly gunzTarPerm modes [ '777', '666' ]
179 silly gentlyRm d:\movieProject\node_modules\bcrypt\node_modules\nan is being purged from base d:\movieProject
180 verbose gentlyRm don't care about contents; nuking d:\movieProject\node_modules\bcrypt\node_modules\nan
181 verbose tar unpack C:\Users\xlchai\AppData\Roaming\npm-cache\nan\2.0.5\package.tgz
182 verbose tar unpacking to d:\movieProject\node_modules\bcrypt\node_modules\nan
183 silly gentlyRm d:\movieProject\node_modules\bcrypt\node_modules\nan is being purged
184 verbose gentlyRm don't care about contents; nuking d:\movieProject\node_modules\bcrypt\node_modules\nan
185 silly gunzTarPerm modes [ '777', '666' ]
186 silly gunzTarPerm extractEntry package.json
187 silly gunzTarPerm modified mode [ 'package.json', 420, 438 ]
188 silly gunzTarPerm extractEntry package.json
189 silly gunzTarPerm modified mode [ 'package.json', 436, 438 ]
190 silly gunzTarPerm extractEntry README.md
191 silly gunzTarPerm modified mode [ 'README.md', 420, 438 ]
192 silly gunzTarPerm extractEntry bindings.js
193 silly gunzTarPerm modified mode [ 'bindings.js', 420, 438 ]
194 silly gunzTarPerm extractEntry README.md
195 silly gunzTarPerm modified mode [ 'README.md', 436, 438 ]
196 silly gunzTarPerm extractEntry include_dirs.js
197 silly gunzTarPerm modified mode [ 'include_dirs.js', 436, 438 ]
198 verbose write writing to d:\movieProject\node_modules\bcrypt\node_modules\bindings\package.json
199 info preinstall bindings@1.2.1
200 verbose readDependencies loading dependencies from d:\movieProject\node_modules\bcrypt\node_modules\bindings\package.json
201 verbose readDependencies loading dependencies from d:\movieProject\node_modules\bcrypt\node_modules\bindings\package.json
202 silly install resolved []
203 verbose about to build d:\movieProject\node_modules\bcrypt\node_modules\bindings
204 info build d:\movieProject\node_modules\bcrypt\node_modules\bindings
205 info linkStuff bindings@1.2.1
206 silly linkStuff bindings@1.2.1 has d:\movieProject\node_modules\bcrypt\node_modules as its parent node_modules
207 verbose linkBins bindings@1.2.1
208 verbose linkMans bindings@1.2.1
209 verbose rebuildBundles bindings@1.2.1
210 info install bindings@1.2.1
211 silly gunzTarPerm extractEntry nan_converters.h
212 silly gunzTarPerm modified mode [ 'nan_converters.h', 436, 438 ]
213 silly gunzTarPerm extractEntry LICENSE.md
214 silly gunzTarPerm modified mode [ 'LICENSE.md', 436, 438 ]
215 silly gunzTarPerm extractEntry .dntrc
216 silly gunzTarPerm modified mode [ '.dntrc', 436, 438 ]
217 info postinstall bindings@1.2.1
218 silly gunzTarPerm extractEntry appveyor.yml
219 silly gunzTarPerm modified mode [ 'appveyor.yml', 436, 438 ]
220 verbose unlock done using C:\Users\xlchai\AppData\Roaming\npm-cache\_locks\bindings-8846907fc29da18e.lock for d:\movieProject\node_modules\bcrypt\node_modules\bindings
221 silly gunzTarPerm extractEntry doc/new.md
222 silly gunzTarPerm modified mode [ 'doc/new.md', 436, 438 ]
223 silly gunzTarPerm extractEntry doc/.build.sh
224 silly gunzTarPerm modified mode [ 'doc/.build.sh', 509, 511 ]
225 silly gunzTarPerm extractEntry doc/buffers.md
226 silly gunzTarPerm modified mode [ 'doc/buffers.md', 436, 438 ]
227 silly gunzTarPerm extractEntry doc/callback.md
228 silly gunzTarPerm modified mode [ 'doc/callback.md', 436, 438 ]
229 silly gunzTarPerm extractEntry doc/converters.md
230 silly gunzTarPerm modified mode [ 'doc/converters.md', 436, 438 ]
231 silly gunzTarPerm extractEntry doc/errors.md
232 silly gunzTarPerm modified mode [ 'doc/errors.md', 436, 438 ]
233 silly gunzTarPerm extractEntry doc/maybe_types.md
234 silly gunzTarPerm modified mode [ 'doc/maybe_types.md', 436, 438 ]
235 silly gunzTarPerm extractEntry doc/methods.md
236 silly gunzTarPerm modified mode [ 'doc/methods.md', 436, 438 ]
237 silly gunzTarPerm extractEntry doc/asyncworker.md
238 silly gunzTarPerm modified mode [ 'doc/asyncworker.md', 436, 438 ]
239 silly gunzTarPerm extractEntry doc/node_misc.md
240 silly gunzTarPerm modified mode [ 'doc/node_misc.md', 436, 438 ]
241 silly gunzTarPerm extractEntry doc/persistent.md
242 silly gunzTarPerm modified mode [ 'doc/persistent.md', 436, 438 ]
243 silly gunzTarPerm extractEntry doc/scopes.md
244 silly gunzTarPerm modified mode [ 'doc/scopes.md', 436, 438 ]
245 silly gunzTarPerm extractEntry doc/script.md
246 silly gunzTarPerm modified mode [ 'doc/script.md', 436, 438 ]
247 silly gunzTarPerm extractEntry doc/string_bytes.md
248 silly gunzTarPerm modified mode [ 'doc/string_bytes.md', 436, 438 ]
249 silly gunzTarPerm extractEntry doc/v8_internals.md
250 silly gunzTarPerm modified mode [ 'doc/v8_internals.md', 436, 438 ]
251 silly gunzTarPerm extractEntry doc/v8_misc.md
252 silly gunzTarPerm modified mode [ 'doc/v8_misc.md', 436, 438 ]
253 silly gunzTarPerm extractEntry nan.h
254 silly gunzTarPerm modified mode [ 'nan.h', 436, 438 ]
255 silly gunzTarPerm extractEntry nan_callbacks.h
256 silly gunzTarPerm modified mode [ 'nan_callbacks.h', 436, 438 ]
257 silly gunzTarPerm extractEntry nan_callbacks_12_inl.h
258 silly gunzTarPerm modified mode [ 'nan_callbacks_12_inl.h', 436, 438 ]
259 silly gunzTarPerm extractEntry nan_callbacks_pre_12_inl.h
260 silly gunzTarPerm modified mode [ 'nan_callbacks_pre_12_inl.h', 436, 438 ]
261 silly gunzTarPerm extractEntry nan_converters_43_inl.h
262 silly gunzTarPerm modified mode [ 'nan_converters_43_inl.h', 436, 438 ]
263 silly gunzTarPerm extractEntry nan_converters_pre_43_inl.h
264 silly gunzTarPerm modified mode [ 'nan_converters_pre_43_inl.h', 436, 438 ]
265 silly gunzTarPerm extractEntry nan_implementation_12_inl.h
266 silly gunzTarPerm modified mode [ 'nan_implementation_12_inl.h', 436, 438 ]
267 silly gunzTarPerm extractEntry nan_implementation_pre_12_inl.h
268 silly gunzTarPerm modified mode [ 'nan_implementation_pre_12_inl.h', 436, 438 ]
269 silly gunzTarPerm extractEntry nan_maybe_43_inl.h
270 silly gunzTarPerm modified mode [ 'nan_maybe_43_inl.h', 436, 438 ]
271 silly gunzTarPerm extractEntry nan_maybe_pre_43_inl.h
272 silly gunzTarPerm modified mode [ 'nan_maybe_pre_43_inl.h', 436, 438 ]
273 silly gunzTarPerm extractEntry nan_new.h
274 silly gunzTarPerm modified mode [ 'nan_new.h', 436, 438 ]
275 silly gunzTarPerm extractEntry nan_object_wrap.h
276 silly gunzTarPerm modified mode [ 'nan_object_wrap.h', 436, 438 ]
277 silly gunzTarPerm extractEntry nan_persistent_12_inl.h
278 silly gunzTarPerm modified mode [ 'nan_persistent_12_inl.h', 436, 438 ]
279 silly gunzTarPerm extractEntry nan_persistent_pre_12_inl.h
280 silly gunzTarPerm modified mode [ 'nan_persistent_pre_12_inl.h', 436, 438 ]
281 silly gunzTarPerm extractEntry nan_string_bytes.h
282 silly gunzTarPerm modified mode [ 'nan_string_bytes.h', 436, 438 ]
283 silly gunzTarPerm extractEntry nan_weak.h
284 silly gunzTarPerm modified mode [ 'nan_weak.h', 436, 438 ]
285 silly gunzTarPerm extractEntry CHANGELOG.md
286 silly gunzTarPerm modified mode [ 'CHANGELOG.md', 436, 438 ]
287 silly gunzTarPerm extractEntry tools/package.json
288 silly gunzTarPerm modified mode [ 'tools/package.json', 436, 438 ]
289 silly gunzTarPerm extractEntry tools/README.md
290 silly gunzTarPerm modified mode [ 'tools/README.md', 436, 438 ]
291 silly gunzTarPerm extractEntry tools/1to2.js
292 silly gunzTarPerm modified mode [ 'tools/1to2.js', 509, 511 ]
293 verbose write writing to d:\movieProject\node_modules\bcrypt\node_modules\nan\package.json
294 info preinstall nan@2.0.5
295 verbose readDependencies loading dependencies from d:\movieProject\node_modules\bcrypt\node_modules\nan\package.json
296 verbose readDependencies loading dependencies from d:\movieProject\node_modules\bcrypt\node_modules\nan\package.json
297 silly install resolved []
298 verbose about to build d:\movieProject\node_modules\bcrypt\node_modules\nan
299 info build d:\movieProject\node_modules\bcrypt\node_modules\nan
300 info linkStuff nan@2.0.5
301 silly linkStuff nan@2.0.5 has d:\movieProject\node_modules\bcrypt\node_modules as its parent node_modules
302 verbose linkBins nan@2.0.5
303 verbose linkMans nan@2.0.5
304 verbose rebuildBundles nan@2.0.5
305 info install nan@2.0.5
306 info postinstall nan@2.0.5
307 verbose unlock done using C:\Users\xlchai\AppData\Roaming\npm-cache\_locks\nan-350a74eb1edd2f00.lock for d:\movieProject\node_modules\bcrypt\node_modules\nan
308 verbose about to build d:\movieProject\node_modules\bcrypt
309 info build d:\movieProject\node_modules\bcrypt
310 info linkStuff bcrypt@0.8.5
311 silly linkStuff bcrypt@0.8.5 has d:\movieProject\node_modules as its parent node_modules
312 verbose linkBins bcrypt@0.8.5
313 verbose linkMans bcrypt@0.8.5
314 verbose rebuildBundles bcrypt@0.8.5
315 verbose rebuildBundles [ 'bindings', 'nan' ]
316 info install bcrypt@0.8.5
317 verbose unsafe-perm in lifecycle true
318 info bcrypt@0.8.5 Failed to exec install script
319 verbose unlock done using C:\Users\xlchai\AppData\Roaming\npm-cache\_locks\bcrypt-c0be08b55f2c583f.lock for d:\movieProject\node_modules\bcrypt
320 verbose stack Error: bcrypt@0.8.5 install: `node-gyp rebuild`
320 verbose stack Exit status 1
320 verbose stack     at EventEmitter.<anonymous> (d:\FEsoftware\nodejs\node_modules\npm\lib\utils\lifecycle.js:214:16)
320 verbose stack     at emitTwo (events.js:87:13)
320 verbose stack     at EventEmitter.emit (events.js:172:7)
320 verbose stack     at ChildProcess.<anonymous> (d:\FEsoftware\nodejs\node_modules\npm\lib\utils\spawn.js:24:14)
320 verbose stack     at emitTwo (events.js:87:13)
320 verbose stack     at ChildProcess.emit (events.js:172:7)
320 verbose stack     at maybeClose (internal/child_process.js:818:16)
320 verbose stack     at Process.ChildProcess._handle.onexit (internal/child_process.js:211:5)
321 verbose pkgid bcrypt@0.8.5
322 verbose cwd d:\movieProject
323 error Windows_NT 6.3.9600
324 error argv "d:\\FEsoftware\\nodejs\\node.exe" "d:\\FEsoftware\\nodejs\\node_modules\\npm\\bin\\npm-cli.js" "install" "bcrypt" "--save"
325 error node v4.2.1
326 error npm  v2.14.7
327 error code ELIFECYCLE
328 error bcrypt@0.8.5 install: `node-gyp rebuild`
328 error Exit status 1
329 error Failed at the bcrypt@0.8.5 install script 'node-gyp rebuild'.
329 error This is most likely a problem with the bcrypt package,
329 error not with npm itself.
329 error Tell the author that this fails on your system:
329 error     node-gyp rebuild
329 error You can get their info via:
329 error     npm owner ls bcrypt
329 error There is likely additional logging output above.
330 verbose exit [ 1, true ]
331 verbose unbuild node_modules\bcrypt
332 info preuninstall bcrypt@0.8.5
333 info uninstall bcrypt@0.8.5
334 verbose unbuild rmStuff bcrypt@0.8.5 from d:\movieProject\node_modules
335 info postuninstall bcrypt@0.8.5
336 silly gentlyRm d:\movieProject\node_modules\bcrypt is being purged from base d:\movieProject
337 verbose gentlyRm don't care about contents; nuking d:\movieProject\node_modules\bcrypt
338 silly vacuum-fs purging d:\movieProject\node_modules\bcrypt
339 silly vacuum-fs quitting because other entries in d:\movieProject\node_modules
